2024-08-26 18:51:55,894 [Worker-4: Loading available Gradle versions] INFO  o.e.b.c.i.u.g.PublishedGradleVersions - Gradle version information cache is up-to-date. Trying to read.
2024-08-26 18:52:40,760 [Worker-0: 构建工作空间] INFO  o.e.m.c.i.l.LifecycleMappingFactory - Using org.eclipse.m2e.jdt.JarLifecycleMapping lifecycle mapping for MavenProject: com:test:0.0.1-SNAPSHOT @ E:\练习\test\test\pom.xml.
2024-08-26 18:52:44,567 [Worker-0: 构建工作空间] INFO  o.e.m.c.i.embedder.EclipseLogger - Using 'UTF-8' encoding to copy filtered resources.
2024-08-26 18:52:44,576 [Worker-0: 构建工作空间] INFO  o.e.m.c.i.embedder.EclipseLogger - Copying 1 resource
2024-08-26 18:52:44,604 [Worker-0: 构建工作空间] INFO  o.e.m.c.i.embedder.EclipseLogger - Copying 3 resources
2024-08-26 18:52:44,626 [Worker-0: 构建工作空间] INFO  o.e.m.c.i.embedder.EclipseLogger - Using 'UTF-8' encoding to copy filtered resources.
2024-08-26 18:52:44,626 [Worker-0: 构建工作空间] INFO  o.e.m.c.i.embedder.EclipseLogger - skip non existing resourceDirectory E:\练习\test\test\src\test\resources
2024-08-26 18:52:46,367 [Worker-17: Updating Maven Dependencies] INFO  o.e.m.c.i.l.LifecycleMappingFactory - Using org.eclipse.m2e.jdt.JarLifecycleMapping lifecycle mapping for MavenProject: com:test:0.0.1-SNAPSHOT @ E:\练习\test\test\pom.xml.
2024-08-26 18:52:47,826 [Worker-10: 构建工作空间] INFO  o.e.m.c.i.embedder.EclipseLogger - Using 'UTF-8' encoding to copy filtered resources.
2024-08-26 18:52:47,835 [Worker-10: 构建工作空间] INFO  o.e.m.c.i.embedder.EclipseLogger - Copying 1 resource
2024-08-26 18:52:47,866 [Worker-10: 构建工作空间] INFO  o.e.m.c.i.embedder.EclipseLogger - Copying 3 resources
2024-08-26 18:52:47,894 [Worker-10: 构建工作空间] INFO  o.e.m.c.i.embedder.EclipseLogger - Using 'UTF-8' encoding to copy filtered resources.
2024-08-26 18:52:47,896 [Worker-10: 构建工作空间] INFO  o.e.m.c.i.embedder.EclipseLogger - skip non existing resourceDirectory E:\练习\test\test\src\test\resources
2024-08-26 18:52:50,416 [Worker-9: 构建工作空间] INFO  o.e.m.c.i.embedder.EclipseLogger - Using 'UTF-8' encoding to copy filtered resources.
2024-08-26 18:52:50,417 [Worker-9: 构建工作空间] INFO  o.e.m.c.i.embedder.EclipseLogger - Copying 1 resource
2024-08-26 18:52:50,420 [Worker-9: 构建工作空间] INFO  o.e.m.c.i.embedder.EclipseLogger - Copying 3 resources
2024-08-26 18:52:50,425 [Worker-9: 构建工作空间] INFO  o.e.m.c.i.embedder.EclipseLogger - Using 'UTF-8' encoding to copy filtered resources.
2024-08-26 18:52:50,425 [Worker-9: 构建工作空间] INFO  o.e.m.c.i.embedder.EclipseLogger - skip non existing resourceDirectory E:\练习\test\test\src\test\resources
2024-08-26 18:53:01,655 [Worker-21: 构建工作空间] INFO  o.e.m.c.i.embedder.EclipseLogger - Using 'UTF-8' encoding to copy filtered resources.
2024-08-26 18:53:01,655 [Worker-21: 构建工作空间] INFO  o.e.m.c.i.embedder.EclipseLogger - Copying 0 resource
2024-08-26 18:53:01,656 [Worker-21: 构建工作空间] INFO  o.e.m.c.i.embedder.EclipseLogger - Copying 0 resource
2024-08-26 18:53:01,660 [Worker-21: 构建工作空间] INFO  o.e.m.c.i.embedder.EclipseLogger - Using 'UTF-8' encoding to copy filtered resources.
2024-08-26 18:53:01,660 [Worker-21: 构建工作空间] INFO  o.e.m.c.i.embedder.EclipseLogger - skip non existing resourceDirectory E:\练习\test\test\src\test\resources
